<?xml version="1.0" encoding="UTF-8"?>
<!-- Generated by org.testng.reporters.JUnitReportReporter -->
<testsuite hostname="DESKTOP-KSDLDV3" name="org.isb.training.selenium.Automation" tests="1" failures="0" timestamp="27 Jun 2019 01:54:24 GMT" time="1.176" errors="0">
  <testcase name="verifySearchButton" time="1.176" classname="org.isb.training.selenium.Automation"/>
</testsuite> <!-- org.isb.training.selenium.Automation -->
