<?xml version="1.0" encoding="UTF-8"?>
<!-- Generated by org.testng.reporters.JUnitReportReporter -->
<testsuite hostname="DESKTOP-KSDLDV3" name="org.isb.training.selenium.LoadTest01" tests="1" failures="0" timestamp="2 Aug 2019 00:18:41 GMT" time="1.795" errors="0">
  <testcase name="verifySearchButton" time="1.795" classname="org.isb.training.selenium.LoadTest01"/>
</testsuite> <!-- org.isb.training.selenium.LoadTest01 -->
