<?xml version="1.0" encoding="UTF-8"?>
<!-- Generated by org.testng.reporters.JUnitReportReporter -->
<testsuite hostname="DESKTOP-KSDLDV3" name="org.isb.training.selenium.LoadTest2" tests="1" failures="0" timestamp="14 Aug 2019 23:34:36 GMT" time="31.032" errors="0">
  <testcase name="verifySearchButton" time="31.032" classname="org.isb.training.selenium.LoadTest2"/>
</testsuite> <!-- org.isb.training.selenium.LoadTest2 -->
