<?xml version="1.0" encoding="UTF-8"?>
<!-- Generated by org.testng.reporters.JUnitReportReporter -->
<testsuite hostname="DESKTOP-7KP2STH" name="org.isb.training.selenium.LoadTest2" tests="1" failures="0" timestamp="16 Aug 2019 15:19:08 GMT" time="62.442" errors="0">
  <testcase name="verifySearchButton" time="62.442" classname="org.isb.training.selenium.LoadTest2"/>
</testsuite> <!-- org.isb.training.selenium.LoadTest2 -->
