<?xml version="1.0" encoding="UTF-8"?>
<!-- Generated by org.testng.reporters.JUnitReportReporter -->
<testsuite hostname="DESKTOP-7KP2STH" name="org.isb.training.selenium.LoadTest2" tests="1" failures="0" timestamp="17 Aug 2019 16:47:30 GMT" time="58.650" errors="0">
  <testcase name="verifySearchButton" time="58.650" classname="org.isb.training.selenium.LoadTest2"/>
</testsuite> <!-- org.isb.training.selenium.LoadTest2 -->
